[1103/101716.400:ERROR:directory_reader_win.cc(43)] FindFirstFile: The system cannot find the path specified. (0x3)
[1103/102900.744:ERROR:process_memory_win.cc(73)] ReadMemory at 0x7ff6748a0000 of 64 bytes failed: Only part of a ReadProcessMemory or WriteProcessMemory request was completed. (0x12B)
[1103/102900.745:WARNING:pe_image_reader.cc(340)] could not read dos header from C:\Program Files (x86)\Google\Chrome\Application\chrome.exe
[1103/102900.745:ERROR:process_memory_win.cc(73)] ReadMemory at 0x7ff921580000 of 64 bytes failed: Only part of a ReadProcessMemory or WriteProcessMemory request was completed. (0x12B)
[1103/102900.745:WARNING:pe_image_reader.cc(340)] could not read dos header from C:\Windows\SYSTEM32\ntdll.dll
[1103/102900.750:ERROR:process_memory_win.cc(73)] ReadMemory at 0x7ff91f630000 of 64 bytes failed: Only part of a ReadProcessMemory or WriteProcessMemory request was completed. (0x12B)
[1103/102900.750:WARNING:pe_image_reader.cc(340)] could not read dos header from C:\Windows\System32\KERNEL32.DLL
[1103/102900.750:ERROR:process_memory_win.cc(73)] ReadMemory at 0x7ff91f080000 of 64 bytes failed: Only part of a ReadProcessMemory or WriteProcessMemory request was completed. (0x12B)
[1103/102900.750:WARNING:pe_image_reader.cc(340)] could not read dos header from C:\Windows\System32\KERNELBASE.dll
[1103/102900.750:ERROR:process_memory_win.cc(73)] ReadMemory at 0x6f7d0000 of 64 bytes failed: Only part of a ReadProcessMemory or WriteProcessMemory request was completed. (0x12B)
[1103/102900.750:WARNING:pe_image_reader.cc(340)] could not read dos header from C:\Windows\System32\SYSFER.DLL
[1103/102900.750:ERROR:process_memory_win.cc(73)] ReadMemory at 0x7ff8e6110000 of 64 bytes failed: Only part of a ReadProcessMemory or WriteProcessMemory request was completed. (0x12B)
[1103/102900.750:WARNING:pe_image_reader.cc(340)] could not read dos header from C:\Program Files (x86)\Google\Chrome\Application\86.0.4240.111\chrome_elf.dll
[1103/102900.750:ERROR:process_memory_win.cc(73)] ReadMemory at 0x7ff90f4d0000 of 64 bytes failed: Only part of a ReadProcessMemory or WriteProcessMemory request was completed. (0x12B)
[1103/102900.750:WARNING:pe_image_reader.cc(340)] could not read dos header from C:\Windows\SYSTEM32\VERSION.dll
[1103/102900.750:ERROR:process_memory_win.cc(73)] ReadMemory at 0x7ff91f720000 of 64 bytes failed: Only part of a ReadProcessMemory or WriteProcessMemory request was completed. (0x12B)
[1103/102900.750:WARNING:pe_image_reader.cc(340)] could not read dos header from C:\Windows\System32\msvcrt.dll
[1103/102900.750:ERROR:process_memory_win.cc(73)] ReadMemory at 0x7ff91ee60000 of 64 bytes failed: Only part of a ReadProcessMemory or WriteProcessMemory request was completed. (0x12B)
[1103/102900.750:WARNING:pe_image_reader.cc(340)] could not read dos header from C:\Windows\System32\bcryptPrimitives.dll
[1103/102900.750:ERROR:process_memory_win.cc(73)] ReadMemory at 0x7ff9208a0000 of 64 bytes failed: Only part of a ReadProcessMemory or WriteProcessMemory request was completed. (0x12B)
[1103/102900.750:WARNING:pe_image_reader.cc(340)] could not read dos header from C:\Windows\System32\ADVAPI32.dll
[1103/102900.750:ERROR:process_memory_win.cc(73)] ReadMemory at 0x7ff920240000 of 64 bytes failed: Only part of a ReadProcessMemory or WriteProcessMemory request was completed. (0x12B)
[1103/102900.750:WARNING:pe_image_reader.cc(340)] could not read dos header from C:\Windows\System32\sechost.dll
[1103/102900.750:ERROR:process_memory_win.cc(73)] ReadMemory at 0x7ff9203b0000 of 64 bytes failed: Only part of a ReadProcessMemory or WriteProcessMemory request was completed. (0x12B)
[1103/102900.750:WARNING:pe_image_reader.cc(340)] could not read dos header from C:\Windows\System32\RPCRT4.dll
[1103/102900.750:ERROR:process_memory_win.cc(73)] ReadMemory at 0x7ff8cbbb0000 of 64 bytes failed: Only part of a ReadProcessMemory or WriteProcessMemory request was completed. (0x12B)
[1103/102900.750:WARNING:pe_image_reader.cc(340)] could not read dos header from C:\Program Files (x86)\Google\Chrome\Application\86.0.4240.111\chrome.dll
[1103/102900.751:ERROR:process_memory_win.cc(73)] ReadMemory at 0x7ff91f7d0000 of 64 bytes failed: Only part of a ReadProcessMemory or WriteProcessMemory request was completed. (0x12B)
[1103/102900.751:WARNING:pe_image_reader.cc(340)] could not read dos header from C:\Windows\System32\WS2_32.dll
[1103/102900.751:ERROR:process_memory_win.cc(73)] ReadMemory at 0x7ff920ef0000 of 64 bytes failed: Only part of a ReadProcessMemory or WriteProcessMemory request was completed. (0x12B)
[1103/102900.751:WARNING:pe_image_reader.cc(340)] could not read dos header from C:\Windows\System32\OLEAUT32.dll
[1103/102900.751:ERROR:process_memory_win.cc(73)] ReadMemory at 0x7ff91f430000 of 64 bytes failed: Only part of a ReadProcessMemory or WriteProcessMemory request was completed. (0x12B)
[1103/102900.751:WARNING:pe_image_reader.cc(340)] could not read dos header from C:\Windows\System32\msvcp_win.dll
[1103/102900.751:ERROR:process_memory_win.cc(73)] ReadMemory at 0x7ff91f330000 of 64 bytes failed: Only part of a ReadProcessMemory or WriteProcessMemory request was completed. (0x12B)
[1103/102900.751:WARNING:pe_image_reader.cc(340)] could not read dos header from C:\Windows\System32\ucrtbase.dll
[1103/102900.751:ERROR:process_memory_win.cc(73)] ReadMemory at 0x7ff9209d0000 of 64 bytes failed: Only part of a ReadProcessMemory or WriteProcessMemory request was completed. (0x12B)
[1103/102900.751:WARNING:pe_image_reader.cc(340)] could not read dos header from C:\Windows\System32\combase.dll
[1103/102900.751:ERROR:process_memory_win.cc(73)] ReadMemory at 0x7ff91f4f0000 of 64 bytes failed: Only part of a ReadProcessMemory or WriteProcessMemory request was completed. (0x12B)
[1103/102900.751:WARNING:pe_image_reader.cc(340)] could not read dos header from C:\Windows\System32\WINTRUST.dll
[1103/102900.751:ERROR:process_memory_win.cc(73)] ReadMemory at 0x7ff91e4f0000 of 64 bytes failed: Only part of a ReadProcessMemory or WriteProcessMemory request was completed. (0x12B)
[1103/102900.751:WARNING:pe_image_reader.cc(340)] could not read dos header from C:\Windows\System32\MSASN1.dll
[1103/102900.751:ERROR:process_memory_win.cc(73)] ReadMemory at 0x7ff91e510000 of 64 bytes failed: Only part of a ReadProcessMemory or WriteProcessMemory request was completed. (0x12B)
[1103/102900.751:WARNING:pe_image_reader.cc(340)] could not read dos header from C:\Windows\System32\CRYPT32.dll
[1103/102900.751:ERROR:process_memory_win.cc(73)] ReadMemory at 0x7ff91ce00000 of 64 bytes failed: Only part of a ReadProcessMemory or WriteProcessMemory request was completed. (0x12B)
[1103/102900.751:WARNING:pe_image_reader.cc(340)] could not read dos header from C:\Windows\SYSTEM32\dbghelp.dll
[1103/102900.751:ERROR:process_memory_win.cc(73)] ReadMemory at 0x7ff91d930000 of 64 bytes failed: Only part of a ReadProcessMemory or WriteProcessMemory request was completed. (0x12B)
[1103/102900.751:WARNING:pe_image_reader.cc(340)] could not read dos header from C:\Windows\SYSTEM32\IPHLPAPI.DLL
[1103/102900.751:ERROR:process_memory_win.cc(73)] ReadMemory at 0x7ff919110000 of 64 bytes failed: Only part of a ReadProcessMemory or WriteProcessMemory request was completed. (0x12B)
[1103/102900.751:WARNING:pe_image_reader.cc(340)] could not read dos header from C:\Windows\SYSTEM32\WINMM.dll
[1103/102900.751:ERROR:process_memory_win.cc(73)] ReadMemory at 0x7ff900440000 of 64 bytes failed: Only part of a ReadProcessMemory or WriteProcessMemory request was completed. (0x12B)
[1103/102900.752:WARNING:pe_image_reader.cc(340)] could not read dos header from C:\Windows\SYSTEM32\UIAutomationCore.DLL
[1103/102900.752:ERROR:process_memory_win.cc(73)] ReadMemory at 0x7ff903870000 of 64 bytes failed: Only part of a ReadProcessMemory or WriteProcessMemory request was completed. (0x12B)
[1103/102900.752:WARNING:pe_image_reader.cc(340)] could not read dos header from C:\Windows\SYSTEM32\Secur32.dll
[1103/102900.752:ERROR:process_memory_win.cc(73)] ReadMemory at 0x7ff91e370000 of 64 bytes failed: Only part of a ReadProcessMemory or WriteProcessMemory request was completed. (0x12B)
[1103/102900.752:WARNING:pe_image_reader.cc(340)] could not read dos header from C:\Windows\SYSTEM32\USERENV.dll
[1103/102900.752:ERROR:process_memory_win.cc(73)] ReadMemory at 0x7ff91e460000 of 64 bytes failed: Only part of a ReadProcessMemory or WriteProcessMemory request was completed. (0x12B)
[1103/102900.752:WARNING:pe_image_reader.cc(340)] could not read dos header from C:\Windows\System32\profapi.dll
[1103/102900.752:ERROR:process_memory_win.cc(73)] ReadMemory at 0x7ff90bf30000 of 64 bytes failed: Only part of a ReadProcessMemory or WriteProcessMemory request was completed. (0x12B)
[1103/102900.752:WARNING:pe_image_reader.cc(340)] could not read dos header from C:\Windows\SYSTEM32\DWrite.dll
[1103/102900.752:ERROR:process_memory_win.cc(73)] ReadMemory at 0x7ff9041c0000 of 64 bytes failed: Only part of a ReadProcessMemory or WriteProcessMemory request was completed. (0x12B)
[1103/102900.752:WARNING:pe_image_reader.cc(340)] could not read dos header from C:\Windows\SYSTEM32\WINSPOOL.DRV
[1103/102900.752:ERROR:process_memory_win.cc(73)] ReadMemory at 0x7ff91e480000 of 64 bytes failed: Only part of a ReadProcessMemory or WriteProcessMemory request was completed. (0x12B)
[1103/102900.752:WARNING:pe_image_reader.cc(340)] could not read dos header from C:\Windows\System32\kernel.appcore.dll
[1103/102900.752:ERROR:process_memory_win.cc(73)] ReadMemory at 0x7ff91f550000 of 64 bytes failed: Only part of a ReadProcessMemory or WriteProcessMemory request was completed. (0x12B)
[1103/102900.752:WARNING:pe_image_reader.cc(340)] could not read dos header from C:\Windows\System32\bcrypt.dll
[1103/102900.752:ERROR:process_memory_win.cc(73)] ReadMemory at 0x7ff90f300000 of 64 bytes failed: Only part of a ReadProcessMemory or WriteProcessMemory request was completed. (0x12B)
[1103/102900.752:WARNING:pe_image_reader.cc(340)] could not read dos header from C:\Windows\SYSTEM32\WINHTTP.dll
[1103/102900.752:ERROR:process_memory_win.cc(73)] ReadMemory at 0x7ff9164d0000 of 64 bytes failed: Only part of a ReadProcessMemory or WriteProcessMemory request was completed. (0x12B)
[1103/102900.752:WARNING:pe_image_reader.cc(340)] could not read dos header from C:\Windows\SYSTEM32\dhcpcsvc.DLL
[1103/102900.752:ERROR:process_memory_win.cc(73)] ReadMemory at 0x7ff920890000 of 64 bytes failed: Only part of a ReadProcessMemory or WriteProcessMemory request was completed. (0x12B)
[1103/102900.752:WARNING:pe_image_reader.cc(340)] could not read dos header from C:\Windows\System32\NSI.dll
[1103/102900.752:ERROR:process_memory_win.cc(73)] ReadMemory at 0x7ff9190e0000 of 64 bytes failed: Only part of a ReadProcessMemory or WriteProcessMemory request was completed. (0x12B)
[1103/102900.752:WARNING:pe_image_reader.cc(340)] could not read dos header from C:\Windows\SYSTEM32\WINMMBASE.dll
[1103/102900.752:ERROR:process_memory_win.cc(73)] ReadMemory at 0x7ff91e660000 of 64 bytes failed: Only part of a ReadProcessMemory or WriteProcessMemory request was completed. (0x12B)
[1103/102900.753:WARNING:pe_image_reader.cc(340)] could not read dos header from C:\Windows\System32\cfgmgr32.dll
[1103/102900.753:ERROR:process_memory_win.cc(73)] ReadMemory at 0x7ff919210000 of 64 bytes failed: Only part of a ReadProcessMemory or WriteProcessMemory request was completed. (0x12B)
[1103/102900.753:WARNING:pe_image_reader.cc(340)] could not read dos header from C:\Windows\SYSTEM32\PROPSYS.dll
[1103/102900.753:ERROR:process_memory_win.cc(73)] ReadMemory at 0x7ff921430000 of 64 bytes failed: Only part of a ReadProcessMemory or WriteProcessMemory request was completed. (0x12B)
[1103/102900.753:WARNING:pe_image_reader.cc(340)] could not read dos header from C:\Windows\System32\shcore.dll
[1103/102900.753:ERROR:process_memory_win.cc(73)] ReadMemory at 0x7ff91e340000 of 64 bytes failed: Only part of a ReadProcessMemory or WriteProcessMemory request was completed. (0x12B)
[1103/102900.753:WARNING:pe_image_reader.cc(340)] could not read dos header from C:\Windows\SYSTEM32\SSPICLI.DLL
[1103/102900.753:ERROR:process_memory_win.cc(73)] ReadMemory at 0x7ff91fa50000 of 64 bytes failed: Only part of a ReadProcessMemory or WriteProcessMemory request was completed. (0x12B)
[1103/102900.753:WARNING:pe_image_reader.cc(340)] could not read dos header from C:\Windows\System32\SHELL32.dll
[1103/102900.753:ERROR:process_memory_win.cc(73)] ReadMemory at 0x7ff91e6b0000 of 64 bytes failed: Only part of a ReadProcessMemory or WriteProcessMemory request was completed. (0x12B)
[1103/102900.753:WARNING:pe_image_reader.cc(340)] could not read dos header from C:\Windows\System32\windows.storage.dll
[1103/102900.753:ERROR:process_memory_win.cc(73)] ReadMemory at 0x7ff91e4a0000 of 64 bytes failed: Only part of a ReadProcessMemory or WriteProcessMemory request was completed. (0x12B)
[1103/102900.753:WARNING:pe_image_reader.cc(340)] could not read dos header from C:\Windows\System32\powrprof.dll
[1103/102900.753:ERROR:process_memory_win.cc(73)] ReadMemory at 0x7ff91e450000 of 64 bytes failed: Only part of a ReadProcessMemory or WriteProcessMemory request was completed. (0x12B)
[1103/102900.753:WARNING:pe_image_reader.cc(340)] could not read dos header from C:\Windows\System32\UMPDC.dll
[1103/102900.753:ERROR:process_memory_win.cc(73)] ReadMemory at 0x7ff9214e0000 of 64 bytes failed: Only part of a ReadProcessMemory or WriteProcessMemory request was completed. (0x12B)
[1103/102900.753:WARNING:pe_image_reader.cc(340)] could not read dos header from C:\Windows\System32\shlwapi.dll
[1103/102900.753:ERROR:process_memory_win.cc(73)] ReadMemory at 0x202de7c0000 of 64 bytes failed: Only part of a ReadProcessMemory or WriteProcessMemory request was completed. (0x12B)
[1103/102900.753:WARNING:pe_image_reader.cc(340)] could not read dos header from C:\Windows\System32\GDI32.dll
[1103/102900.753:ERROR:process_memory_win.cc(73)] ReadMemory at 0x7ff91ee30000 of 64 bytes failed: Only part of a ReadProcessMemory or WriteProcessMemory request was completed. (0x12B)
[1103/102900.753:WARNING:pe_image_reader.cc(340)] could not read dos header from C:\Windows\System32\win32u.dll
[1103/102900.753:ERROR:process_memory_win.cc(73)] ReadMemory at 0x7ff91eee0000 of 64 bytes failed: Only part of a ReadProcessMemory or WriteProcessMemory request was completed. (0x12B)
[1103/102900.753:WARNING:pe_image_reader.cc(340)] could not read dos header from C:\Windows\System32\gdi32full.dll
[1103/102900.753:ERROR:process_memory_win.cc(73)] ReadMemory at 0x7ff9206f0000 of 64 bytes failed: Only part of a ReadProcessMemory or WriteProcessMemory request was completed. (0x12B)
[1103/102900.753:WARNING:pe_image_reader.cc(340)] could not read dos header from C:\Windows\System32\USER32.dll
[1103/102900.753:ERROR:process_memory_win.cc(73)] ReadMemory at 0x7ff91f4d0000 of 64 bytes failed: Only part of a ReadProcessMemory or WriteProcessMemory request was completed. (0x12B)
[1103/102900.753:WARNING:pe_image_reader.cc(340)] could not read dos header from C:\Windows\System32\cryptsp.dll
[1103/102900.753:ERROR:process_memory_win.cc(73)] ReadMemory at 0x7ff920210000 of 64 bytes failed: Only part of a ReadProcessMemory or WriteProcessMemory request was completed. (0x12B)
[1103/102900.753:WARNING:pe_image_reader.cc(340)] could not read dos header from C:\Windows\System32\IMM32.DLL
[1103/102900.754:ERROR:process_memory_win.cc(73)] ReadMemory at 0x7ff91dd90000 of 64 bytes failed: Only part of a ReadProcessMemory or WriteProcessMemory request was completed. (0x12B)
[1103/102900.754:WARNING:pe_image_reader.cc(340)] could not read dos header from C:\Windows\SYSTEM32\CRYPTBASE.DLL
[1103/102900.758:ERROR:process_memory_win.cc(73)] ReadMemory at 0x7ff6748a0000 of 64 bytes failed: Only part of a ReadProcessMemory or WriteProcessMemory request was completed. (0x12B)
[1103/102900.758:WARNING:pe_image_reader.cc(340)] could not read dos header from C:\Program Files (x86)\Google\Chrome\Application\chrome.exe
[1103/102900.758:ERROR:process_memory_win.cc(73)] ReadMemory at 0x7ff921580000 of 64 bytes failed: Only part of a ReadProcessMemory or WriteProcessMemory request was completed. (0x12B)
[1103/102900.759:WARNING:pe_image_reader.cc(340)] could not read dos header from C:\Windows\SYSTEM32\ntdll.dll
[1103/102900.759:ERROR:process_memory_win.cc(73)] ReadMemory at 0x7ff91f630000 of 64 bytes failed: Only part of a ReadProcessMemory or WriteProcessMemory request was completed. (0x12B)
[1103/102900.759:WARNING:pe_image_reader.cc(340)] could not read dos header from C:\Windows\System32\KERNEL32.DLL
[1103/102900.759:ERROR:process_memory_win.cc(73)] ReadMemory at 0x7ff91f080000 of 64 bytes failed: Only part of a ReadProcessMemory or WriteProcessMemory request was completed. (0x12B)
[1103/102900.759:WARNING:pe_image_reader.cc(340)] could not read dos header from C:\Windows\System32\KERNELBASE.dll
[1103/102900.759:ERROR:process_memory_win.cc(73)] ReadMemory at 0x6f7d0000 of 64 bytes failed: Only part of a ReadProcessMemory or WriteProcessMemory request was completed. (0x12B)
[1103/102900.759:WARNING:pe_image_reader.cc(340)] could not read dos header from C:\Windows\System32\SYSFER.DLL
[1103/102900.759:ERROR:process_memory_win.cc(73)] ReadMemory at 0x7ff8e6110000 of 64 bytes failed: Only part of a ReadProcessMemory or WriteProcessMemory request was completed. (0x12B)
[1103/102900.759:WARNING:pe_image_reader.cc(340)] could not read dos header from C:\Program Files (x86)\Google\Chrome\Application\86.0.4240.111\chrome_elf.dll
[1103/102900.759:ERROR:process_memory_win.cc(73)] ReadMemory at 0x7ff90f4d0000 of 64 bytes failed: Only part of a ReadProcessMemory or WriteProcessMemory request was completed. (0x12B)
[1103/102900.759:WARNING:pe_image_reader.cc(340)] could not read dos header from C:\Windows\SYSTEM32\VERSION.dll
[1103/102900.759:ERROR:process_memory_win.cc(73)] ReadMemory at 0x7ff91f720000 of 64 bytes failed: Only part of a ReadProcessMemory or WriteProcessMemory request was completed. (0x12B)
[1103/102900.759:WARNING:pe_image_reader.cc(340)] could not read dos header from C:\Windows\System32\msvcrt.dll
[1103/102900.759:ERROR:process_memory_win.cc(73)] ReadMemory at 0x7ff91ee60000 of 64 bytes failed: Only part of a ReadProcessMemory or WriteProcessMemory request was completed. (0x12B)
[1103/102900.759:WARNING:pe_image_reader.cc(340)] could not read dos header from C:\Windows\System32\bcryptPrimitives.dll
[1103/102900.759:ERROR:process_memory_win.cc(73)] ReadMemory at 0x7ff9208a0000 of 64 bytes failed: Only part of a ReadProcessMemory or WriteProcessMemory request was completed. (0x12B)
[1103/102900.759:WARNING:pe_image_reader.cc(340)] could not read dos header from C:\Windows\System32\ADVAPI32.dll
[1103/102900.759:ERROR:process_memory_win.cc(73)] ReadMemory at 0x7ff920240000 of 64 bytes failed: Only part of a ReadProcessMemory or WriteProcessMemory request was completed. (0x12B)
[1103/102900.759:WARNING:pe_image_reader.cc(340)] could not read dos header from C:\Windows\System32\sechost.dll
[1103/102900.759:ERROR:process_memory_win.cc(73)] ReadMemory at 0x7ff9203b0000 of 64 bytes failed: Only part of a ReadProcessMemory or WriteProcessMemory request was completed. (0x12B)
[1103/102900.759:WARNING:pe_image_reader.cc(340)] could not read dos header from C:\Windows\System32\RPCRT4.dll
[1103/102900.759:ERROR:process_memory_win.cc(73)] ReadMemory at 0x7ff8cbbb0000 of 64 bytes failed: Only part of a ReadProcessMemory or WriteProcessMemory request was completed. (0x12B)
[1103/102900.759:WARNING:pe_image_reader.cc(340)] could not read dos header from C:\Program Files (x86)\Google\Chrome\Application\86.0.4240.111\chrome.dll
[1103/102900.759:ERROR:process_memory_win.cc(73)] ReadMemory at 0x7ff91f7d0000 of 64 bytes failed: Only part of a ReadProcessMemory or WriteProcessMemory request was completed. (0x12B)
[1103/102900.760:WARNING:pe_image_reader.cc(340)] could not read dos header from C:\Windows\System32\WS2_32.dll
[1103/102900.760:ERROR:process_memory_win.cc(73)] ReadMemory at 0x7ff920ef0000 of 64 bytes failed: Only part of a ReadProcessMemory or WriteProcessMemory request was completed. (0x12B)
[1103/102900.760:WARNING:pe_image_reader.cc(340)] could not read dos header from C:\Windows\System32\OLEAUT32.dll
[1103/102900.760:ERROR:process_memory_win.cc(73)] ReadMemory at 0x7ff91f430000 of 64 bytes failed: Only part of a ReadProcessMemory or WriteProcessMemory request was completed. (0x12B)
[1103/102900.760:WARNING:pe_image_reader.cc(340)] could not read dos header from C:\Windows\System32\msvcp_win.dll
[1103/102900.760:ERROR:process_memory_win.cc(73)] ReadMemory at 0x7ff91f330000 of 64 bytes failed: Only part of a ReadProcessMemory or WriteProcessMemory request was completed. (0x12B)
[1103/102900.760:WARNING:pe_image_reader.cc(340)] could not read dos header from C:\Windows\System32\ucrtbase.dll
[1103/102900.760:ERROR:process_memory_win.cc(73)] ReadMemory at 0x7ff9209d0000 of 64 bytes failed: Only part of a ReadProcessMemory or WriteProcessMemory request was completed. (0x12B)
[1103/102900.760:WARNING:pe_image_reader.cc(340)] could not read dos header from C:\Windows\System32\combase.dll
[1103/102900.760:ERROR:process_memory_win.cc(73)] ReadMemory at 0x7ff91f4f0000 of 64 bytes failed: Only part of a ReadProcessMemory or WriteProcessMemory request was completed. (0x12B)
[1103/102900.760:WARNING:pe_image_reader.cc(340)] could not read dos header from C:\Windows\System32\WINTRUST.dll
[1103/102900.760:ERROR:process_memory_win.cc(73)] ReadMemory at 0x7ff91e4f0000 of 64 bytes failed: Only part of a ReadProcessMemory or WriteProcessMemory request was completed. (0x12B)
[1103/102900.760:WARNING:pe_image_reader.cc(340)] could not read dos header from C:\Windows\System32\MSASN1.dll
[1103/102900.760:ERROR:process_memory_win.cc(73)] ReadMemory at 0x7ff91e510000 of 64 bytes failed: Only part of a ReadProcessMemory or WriteProcessMemory request was completed. (0x12B)
[1103/102900.760:WARNING:pe_image_reader.cc(340)] could not read dos header from C:\Windows\System32\CRYPT32.dll
[1103/102900.760:ERROR:process_memory_win.cc(73)] ReadMemory at 0x7ff91ce00000 of 64 bytes failed: Only part of a ReadProcessMemory or WriteProcessMemory request was completed. (0x12B)
[1103/102900.760:WARNING:pe_image_reader.cc(340)] could not read dos header from C:\Windows\SYSTEM32\dbghelp.dll
[1103/102900.760:ERROR:process_memory_win.cc(73)] ReadMemory at 0x7ff91d930000 of 64 bytes failed: Only part of a ReadProcessMemory or WriteProcessMemory request was completed. (0x12B)
[1103/102900.760:WARNING:pe_image_reader.cc(340)] could not read dos header from C:\Windows\SYSTEM32\IPHLPAPI.DLL
[1103/102900.760:ERROR:process_memory_win.cc(73)] ReadMemory at 0x7ff919110000 of 64 bytes failed: Only part of a ReadProcessMemory or WriteProcessMemory request was completed. (0x12B)
[1103/102900.760:WARNING:pe_image_reader.cc(340)] could not read dos header from C:\Windows\SYSTEM32\WINMM.dll
[1103/102900.760:ERROR:process_memory_win.cc(73)] ReadMemory at 0x7ff900440000 of 64 bytes failed: Only part of a ReadProcessMemory or WriteProcessMemory request was completed. (0x12B)
[1103/102900.760:WARNING:pe_image_reader.cc(340)] could not read dos header from C:\Windows\SYSTEM32\UIAutomationCore.DLL
[1103/102900.760:ERROR:process_memory_win.cc(73)] ReadMemory at 0x7ff903870000 of 64 bytes failed: Only part of a ReadProcessMemory or WriteProcessMemory request was completed. (0x12B)
[1103/102900.760:WARNING:pe_image_reader.cc(340)] could not read dos header from C:\Windows\SYSTEM32\Secur32.dll
[1103/102900.761:ERROR:process_memory_win.cc(73)] ReadMemory at 0x7ff91e370000 of 64 bytes failed: Only part of a ReadProcessMemory or WriteProcessMemory request was completed. (0x12B)
[1103/102900.761:WARNING:pe_image_reader.cc(340)] could not read dos header from C:\Windows\SYSTEM32\USERENV.dll
[1103/102900.761:ERROR:process_memory_win.cc(73)] ReadMemory at 0x7ff91e460000 of 64 bytes failed: Only part of a ReadProcessMemory or WriteProcessMemory request was completed. (0x12B)
[1103/102900.761:WARNING:pe_image_reader.cc(340)] could not read dos header from C:\Windows\System32\profapi.dll
[1103/102900.761:ERROR:process_memory_win.cc(73)] ReadMemory at 0x7ff90bf30000 of 64 bytes failed: Only part of a ReadProcessMemory or WriteProcessMemory request was completed. (0x12B)
[1103/102900.761:WARNING:pe_image_reader.cc(340)] could not read dos header from C:\Windows\SYSTEM32\DWrite.dll
[1103/102900.761:ERROR:process_memory_win.cc(73)] ReadMemory at 0x7ff9041c0000 of 64 bytes failed: Only part of a ReadProcessMemory or WriteProcessMemory request was completed. (0x12B)
[1103/102900.761:WARNING:pe_image_reader.cc(340)] could not read dos header from C:\Windows\SYSTEM32\WINSPOOL.DRV
[1103/102900.761:ERROR:process_memory_win.cc(73)] ReadMemory at 0x7ff91e480000 of 64 bytes failed: Only part of a ReadProcessMemory or WriteProcessMemory request was completed. (0x12B)
[1103/102900.761:WARNING:pe_image_reader.cc(340)] could not read dos header from C:\Windows\System32\kernel.appcore.dll
[1103/102900.761:ERROR:process_memory_win.cc(73)] ReadMemory at 0x7ff91f550000 of 64 bytes failed: Only part of a ReadProcessMemory or WriteProcessMemory request was completed. (0x12B)
[1103/102900.761:WARNING:pe_image_reader.cc(340)] could not read dos header from C:\Windows\System32\bcrypt.dll
[1103/102900.761:ERROR:process_memory_win.cc(73)] ReadMemory at 0x7ff90f300000 of 64 bytes failed: Only part of a ReadProcessMemory or WriteProcessMemory request was completed. (0x12B)
[1103/102900.761:WARNING:pe_image_reader.cc(340)] could not read dos header from C:\Windows\SYSTEM32\WINHTTP.dll
[1103/102900.761:ERROR:process_memory_win.cc(73)] ReadMemory at 0x7ff9164d0000 of 64 bytes failed: Only part of a ReadProcessMemory or WriteProcessMemory request was completed. (0x12B)
[1103/102900.761:WARNING:pe_image_reader.cc(340)] could not read dos header from C:\Windows\SYSTEM32\dhcpcsvc.DLL
[1103/102900.761:ERROR:process_memory_win.cc(73)] ReadMemory at 0x7ff920890000 of 64 bytes failed: Only part of a ReadProcessMemory or WriteProcessMemory request was completed. (0x12B)
[1103/102900.761:WARNING:pe_image_reader.cc(340)] could not read dos header from C:\Windows\System32\NSI.dll
[1103/102900.761:ERROR:process_memory_win.cc(73)] ReadMemory at 0x7ff9190e0000 of 64 bytes failed: Only part of a ReadProcessMemory or WriteProcessMemory request was completed. (0x12B)
[1103/102900.761:WARNING:pe_image_reader.cc(340)] could not read dos header from C:\Windows\SYSTEM32\WINMMBASE.dll
[1103/102900.761:ERROR:process_memory_win.cc(73)] ReadMemory at 0x7ff91e660000 of 64 bytes failed: Only part of a ReadProcessMemory or WriteProcessMemory request was completed. (0x12B)
[1103/102900.761:WARNING:pe_image_reader.cc(340)] could not read dos header from C:\Windows\System32\cfgmgr32.dll
[1103/102900.761:ERROR:process_memory_win.cc(73)] ReadMemory at 0x7ff919210000 of 64 bytes failed: Only part of a ReadProcessMemory or WriteProcessMemory request was completed. (0x12B)
[1103/102900.761:WARNING:pe_image_reader.cc(340)] could not read dos header from C:\Windows\SYSTEM32\PROPSYS.dll
[1103/102900.761:ERROR:process_memory_win.cc(73)] ReadMemory at 0x7ff921430000 of 64 bytes failed: Only part of a ReadProcessMemory or WriteProcessMemory request was completed. (0x12B)
[1103/102900.761:WARNING:pe_image_reader.cc(340)] could not read dos header from C:\Windows\System32\shcore.dll
[1103/102900.761:ERROR:process_memory_win.cc(73)] ReadMemory at 0x7ff91e340000 of 64 bytes failed: Only part of a ReadProcessMemory or WriteProcessMemory request was completed. (0x12B)
[1103/102900.762:WARNING:pe_image_reader.cc(340)] could not read dos header from C:\Windows\SYSTEM32\SSPICLI.DLL
[1103/102900.762:ERROR:process_memory_win.cc(73)] ReadMemory at 0x7ff91fa50000 of 64 bytes failed: Only part of a ReadProcessMemory or WriteProcessMemory request was completed. (0x12B)
[1103/102900.762:WARNING:pe_image_reader.cc(340)] could not read dos header from C:\Windows\System32\SHELL32.dll
[1103/102900.762:ERROR:process_memory_win.cc(73)] ReadMemory at 0x7ff91e6b0000 of 64 bytes failed: Only part of a ReadProcessMemory or WriteProcessMemory request was completed. (0x12B)
[1103/102900.762:WARNING:pe_image_reader.cc(340)] could not read dos header from C:\Windows\System32\windows.storage.dll
[1103/102900.762:ERROR:process_memory_win.cc(73)] ReadMemory at 0x7ff91e4a0000 of 64 bytes failed: Only part of a ReadProcessMemory or WriteProcessMemory request was completed. (0x12B)
[1103/102900.762:WARNING:pe_image_reader.cc(340)] could not read dos header from C:\Windows\System32\powrprof.dll
[1103/102900.762:ERROR:process_memory_win.cc(73)] ReadMemory at 0x7ff91e450000 of 64 bytes failed: Only part of a ReadProcessMemory or WriteProcessMemory request was completed. (0x12B)
[1103/102900.762:WARNING:pe_image_reader.cc(340)] could not read dos header from C:\Windows\System32\UMPDC.dll
[1103/102900.762:ERROR:process_memory_win.cc(73)] ReadMemory at 0x7ff9214e0000 of 64 bytes failed: Only part of a ReadProcessMemory or WriteProcessMemory request was completed. (0x12B)
[1103/102900.762:WARNING:pe_image_reader.cc(340)] could not read dos header from C:\Windows\System32\shlwapi.dll
[1103/102900.762:ERROR:process_memory_win.cc(73)] ReadMemory at 0x202de7c0000 of 64 bytes failed: Only part of a ReadProcessMemory or WriteProcessMemory request was completed. (0x12B)
[1103/102900.762:WARNING:pe_image_reader.cc(340)] could not read dos header from C:\Windows\System32\GDI32.dll
[1103/102900.762:ERROR:process_memory_win.cc(73)] ReadMemory at 0x7ff91ee30000 of 64 bytes failed: Only part of a ReadProcessMemory or WriteProcessMemory request was completed. (0x12B)
[1103/102900.762:WARNING:pe_image_reader.cc(340)] could not read dos header from C:\Windows\System32\win32u.dll
[1103/102900.762:ERROR:process_memory_win.cc(73)] ReadMemory at 0x7ff91eee0000 of 64 bytes failed: Only part of a ReadProcessMemory or WriteProcessMemory request was completed. (0x12B)
[1103/102900.762:WARNING:pe_image_reader.cc(340)] could not read dos header from C:\Windows\System32\gdi32full.dll
[1103/102900.762:ERROR:process_memory_win.cc(73)] ReadMemory at 0x7ff9206f0000 of 64 bytes failed: Only part of a ReadProcessMemory or WriteProcessMemory request was completed. (0x12B)
[1103/102900.762:WARNING:pe_image_reader.cc(340)] could not read dos header from C:\Windows\System32\USER32.dll
[1103/102900.762:ERROR:process_memory_win.cc(73)] ReadMemory at 0x7ff91f4d0000 of 64 bytes failed: Only part of a ReadProcessMemory or WriteProcessMemory request was completed. (0x12B)
[1103/102900.762:WARNING:pe_image_reader.cc(340)] could not read dos header from C:\Windows\System32\cryptsp.dll
[1103/102900.762:ERROR:process_memory_win.cc(73)] ReadMemory at 0x7ff920210000 of 64 bytes failed: Only part of a ReadProcessMemory or WriteProcessMemory request was completed. (0x12B)
[1103/102900.762:WARNING:pe_image_reader.cc(340)] could not read dos header from C:\Windows\System32\IMM32.DLL
[1103/102900.762:ERROR:process_memory_win.cc(73)] ReadMemory at 0x7ff91dd90000 of 64 bytes failed: Only part of a ReadProcessMemory or WriteProcessMemory request was completed. (0x12B)
[1103/102900.762:WARNING:pe_image_reader.cc(340)] could not read dos header from C:\Windows\SYSTEM32\CRYPTBASE.DLL
[1103/102900.762:ERROR:process_memory_win.cc(73)] ReadMemory at 0x7ff6748a0000 of 64 bytes failed: Only part of a ReadProcessMemory or WriteProcessMemory request was completed. (0x12B)
[1103/102900.763:WARNING:pe_image_reader.cc(340)] could not read dos header from C:\Program Files (x86)\Google\Chrome\Application\chrome.exe
[1103/102900.763:ERROR:process_memory_win.cc(73)] ReadMemory at 0x7ff921580000 of 64 bytes failed: Only part of a ReadProcessMemory or WriteProcessMemory request was completed. (0x12B)
[1103/102900.763:WARNING:pe_image_reader.cc(340)] could not read dos header from C:\Windows\SYSTEM32\ntdll.dll
[1103/102900.763:ERROR:process_memory_win.cc(73)] ReadMemory at 0x7ff91f630000 of 64 bytes failed: Only part of a ReadProcessMemory or WriteProcessMemory request was completed. (0x12B)
[1103/102900.763:WARNING:pe_image_reader.cc(340)] could not read dos header from C:\Windows\System32\KERNEL32.DLL
[1103/102900.763:ERROR:process_memory_win.cc(73)] ReadMemory at 0x7ff91f080000 of 64 bytes failed: Only part of a ReadProcessMemory or WriteProcessMemory request was completed. (0x12B)
[1103/102900.763:WARNING:pe_image_reader.cc(340)] could not read dos header from C:\Windows\System32\KERNELBASE.dll
[1103/102900.763:ERROR:process_memory_win.cc(73)] ReadMemory at 0x6f7d0000 of 64 bytes failed: Only part of a ReadProcessMemory or WriteProcessMemory request was completed. (0x12B)
[1103/102900.763:WARNING:pe_image_reader.cc(340)] could not read dos header from C:\Windows\System32\SYSFER.DLL
[1103/102900.763:ERROR:process_memory_win.cc(73)] ReadMemory at 0x7ff8e6110000 of 64 bytes failed: Only part of a ReadProcessMemory or WriteProcessMemory request was completed. (0x12B)
[1103/102900.763:WARNING:pe_image_reader.cc(340)] could not read dos header from C:\Program Files (x86)\Google\Chrome\Application\86.0.4240.111\chrome_elf.dll
[1103/102900.763:ERROR:process_memory_win.cc(73)] ReadMemory at 0x7ff90f4d0000 of 64 bytes failed: Only part of a ReadProcessMemory or WriteProcessMemory request was completed. (0x12B)
[1103/102900.763:WARNING:pe_image_reader.cc(340)] could not read dos header from C:\Windows\SYSTEM32\VERSION.dll
[1103/102900.763:ERROR:process_memory_win.cc(73)] ReadMemory at 0x7ff91f720000 of 64 bytes failed: Only part of a ReadProcessMemory or WriteProcessMemory request was completed. (0x12B)
[1103/102900.763:WARNING:pe_image_reader.cc(340)] could not read dos header from C:\Windows\System32\msvcrt.dll
[1103/102900.763:ERROR:process_memory_win.cc(73)] ReadMemory at 0x7ff91ee60000 of 64 bytes failed: Only part of a ReadProcessMemory or WriteProcessMemory request was completed. (0x12B)
[1103/102900.763:WARNING:pe_image_reader.cc(340)] could not read dos header from C:\Windows\System32\bcryptPrimitives.dll
[1103/102900.763:ERROR:process_memory_win.cc(73)] ReadMemory at 0x7ff9208a0000 of 64 bytes failed: Only part of a ReadProcessMemory or WriteProcessMemory request was completed. (0x12B)
[1103/102900.763:WARNING:pe_image_reader.cc(340)] could not read dos header from C:\Windows\System32\ADVAPI32.dll
[1103/102900.763:ERROR:process_memory_win.cc(73)] ReadMemory at 0x7ff920240000 of 64 bytes failed: Only part of a ReadProcessMemory or WriteProcessMemory request was completed. (0x12B)
[1103/102900.763:WARNING:pe_image_reader.cc(340)] could not read dos header from C:\Windows\System32\sechost.dll
[1103/102900.763:ERROR:process_memory_win.cc(73)] ReadMemory at 0x7ff9203b0000 of 64 bytes failed: Only part of a ReadProcessMemory or WriteProcessMemory request was completed. (0x12B)
[1103/102900.763:WARNING:pe_image_reader.cc(340)] could not read dos header from C:\Windows\System32\RPCRT4.dll
[1103/102900.763:ERROR:process_memory_win.cc(73)] ReadMemory at 0x7ff8cbbb0000 of 64 bytes failed: Only part of a ReadProcessMemory or WriteProcessMemory request was completed. (0x12B)
[1103/102900.763:WARNING:pe_image_reader.cc(340)] could not read dos header from C:\Program Files (x86)\Google\Chrome\Application\86.0.4240.111\chrome.dll
[1103/102900.763:ERROR:process_memory_win.cc(73)] ReadMemory at 0x7ff91f7d0000 of 64 bytes failed: Only part of a ReadProcessMemory or WriteProcessMemory request was completed. (0x12B)
[1103/102900.763:WARNING:pe_image_reader.cc(340)] could not read dos header from C:\Windows\System32\WS2_32.dll
[1103/102900.764:ERROR:process_memory_win.cc(73)] ReadMemory at 0x7ff920ef0000 of 64 bytes failed: Only part of a ReadProcessMemory or WriteProcessMemory request was completed. (0x12B)
[1103/102900.764:WARNING:pe_image_reader.cc(340)] could not read dos header from C:\Windows\System32\OLEAUT32.dll
[1103/102900.764:ERROR:process_memory_win.cc(73)] ReadMemory at 0x7ff91f430000 of 64 bytes failed: Only part of a ReadProcessMemory or WriteProcessMemory request was completed. (0x12B)
[1103/102900.764:WARNING:pe_image_reader.cc(340)] could not read dos header from C:\Windows\System32\msvcp_win.dll
[1103/102900.764:ERROR:process_memory_win.cc(73)] ReadMemory at 0x7ff91f330000 of 64 bytes failed: Only part of a ReadProcessMemory or WriteProcessMemory request was completed. (0x12B)
[1103/102900.764:WARNING:pe_image_reader.cc(340)] could not read dos header from C:\Windows\System32\ucrtbase.dll
[1103/102900.764:ERROR:process_memory_win.cc(73)] ReadMemory at 0x7ff9209d0000 of 64 bytes failed: Only part of a ReadProcessMemory or WriteProcessMemory request was completed. (0x12B)
[1103/102900.764:WARNING:pe_image_reader.cc(340)] could not read dos header from C:\Windows\System32\combase.dll
[1103/102900.764:ERROR:process_memory_win.cc(73)] ReadMemory at 0x7ff91f4f0000 of 64 bytes failed: Only part of a ReadProcessMemory or WriteProcessMemory request was completed. (0x12B)
[1103/102900.764:WARNING:pe_image_reader.cc(340)] could not read dos header from C:\Windows\System32\WINTRUST.dll
[1103/102900.764:ERROR:process_memory_win.cc(73)] ReadMemory at 0x7ff91e4f0000 of 64 bytes failed: Only part of a ReadProcessMemory or WriteProcessMemory request was completed. (0x12B)
[1103/102900.764:WARNING:pe_image_reader.cc(340)] could not read dos header from C:\Windows\System32\MSASN1.dll
[1103/102900.764:ERROR:process_memory_win.cc(73)] ReadMemory at 0x7ff91e510000 of 64 bytes failed: Only part of a ReadProcessMemory or WriteProcessMemory request was completed. (0x12B)
[1103/102900.764:WARNING:pe_image_reader.cc(340)] could not read dos header from C:\Windows\System32\CRYPT32.dll
[1103/102900.764:ERROR:process_memory_win.cc(73)] ReadMemory at 0x7ff91ce00000 of 64 bytes failed: Only part of a ReadProcessMemory or WriteProcessMemory request was completed. (0x12B)
[1103/102900.764:WARNING:pe_image_reader.cc(340)] could not read dos header from C:\Windows\SYSTEM32\dbghelp.dll
[1103/102900.764:ERROR:process_memory_win.cc(73)] ReadMemory at 0x7ff91d930000 of 64 bytes failed: Only part of a ReadProcessMemory or WriteProcessMemory request was completed. (0x12B)
[1103/102900.764:WARNING:pe_image_reader.cc(340)] could not read dos header from C:\Windows\SYSTEM32\IPHLPAPI.DLL
[1103/102900.764:ERROR:process_memory_win.cc(73)] ReadMemory at 0x7ff919110000 of 64 bytes failed: Only part of a ReadProcessMemory or WriteProcessMemory request was completed. (0x12B)
[1103/102900.764:WARNING:pe_image_reader.cc(340)] could not read dos header from C:\Windows\SYSTEM32\WINMM.dll
[1103/102900.764:ERROR:process_memory_win.cc(73)] ReadMemory at 0x7ff900440000 of 64 bytes failed: Only part of a ReadProcessMemory or WriteProcessMemory request was completed. (0x12B)
[1103/102900.764:WARNING:pe_image_reader.cc(340)] could not read dos header from C:\Windows\SYSTEM32\UIAutomationCore.DLL
[1103/102900.764:ERROR:process_memory_win.cc(73)] ReadMemory at 0x7ff903870000 of 64 bytes failed: Only part of a ReadProcessMemory or WriteProcessMemory request was completed. (0x12B)
[1103/102900.764:WARNING:pe_image_reader.cc(340)] could not read dos header from C:\Windows\SYSTEM32\Secur32.dll
[1103/102900.764:ERROR:process_memory_win.cc(73)] ReadMemory at 0x7ff91e370000 of 64 bytes failed: Only part of a ReadProcessMemory or WriteProcessMemory request was completed. (0x12B)
[1103/102900.765:WARNING:pe_image_reader.cc(340)] could not read dos header from C:\Windows\SYSTEM32\USERENV.dll
[1103/102900.765:ERROR:process_memory_win.cc(73)] ReadMemory at 0x7ff91e460000 of 64 bytes failed: Only part of a ReadProcessMemory or WriteProcessMemory request was completed. (0x12B)
[1103/102900.765:WARNING:pe_image_reader.cc(340)] could not read dos header from C:\Windows\System32\profapi.dll
[1103/102900.765:ERROR:process_memory_win.cc(73)] ReadMemory at 0x7ff90bf30000 of 64 bytes failed: Only part of a ReadProcessMemory or WriteProcessMemory request was completed. (0x12B)
[1103/102900.765:WARNING:pe_image_reader.cc(340)] could not read dos header from C:\Windows\SYSTEM32\DWrite.dll
[1103/102900.765:ERROR:process_memory_win.cc(73)] ReadMemory at 0x7ff9041c0000 of 64 bytes failed: Only part of a ReadProcessMemory or WriteProcessMemory request was completed. (0x12B)
[1103/102900.765:WARNING:pe_image_reader.cc(340)] could not read dos header from C:\Windows\SYSTEM32\WINSPOOL.DRV
[1103/102900.765:ERROR:process_memory_win.cc(73)] ReadMemory at 0x7ff91e480000 of 64 bytes failed: Only part of a ReadProcessMemory or WriteProcessMemory request was completed. (0x12B)
[1103/102900.765:WARNING:pe_image_reader.cc(340)] could not read dos header from C:\Windows\System32\kernel.appcore.dll
[1103/102900.765:ERROR:process_memory_win.cc(73)] ReadMemory at 0x7ff91f550000 of 64 bytes failed: Only part of a ReadProcessMemory or WriteProcessMemory request was completed. (0x12B)
[1103/102900.765:WARNING:pe_image_reader.cc(340)] could not read dos header from C:\Windows\System32\bcrypt.dll
[1103/102900.765:ERROR:process_memory_win.cc(73)] ReadMemory at 0x7ff90f300000 of 64 bytes failed: Only part of a ReadProcessMemory or WriteProcessMemory request was completed. (0x12B)
[1103/102900.765:WARNING:pe_image_reader.cc(340)] could not read dos header from C:\Windows\SYSTEM32\WINHTTP.dll
[1103/102900.765:ERROR:process_memory_win.cc(73)] ReadMemory at 0x7ff9164d0000 of 64 bytes failed: Only part of a ReadProcessMemory or WriteProcessMemory request was completed. (0x12B)
[1103/102900.765:WARNING:pe_image_reader.cc(340)] could not read dos header from C:\Windows\SYSTEM32\dhcpcsvc.DLL
[1103/102900.765:ERROR:process_memory_win.cc(73)] ReadMemory at 0x7ff920890000 of 64 bytes failed: Only part of a ReadProcessMemory or WriteProcessMemory request was completed. (0x12B)
[1103/102900.765:WARNING:pe_image_reader.cc(340)] could not read dos header from C:\Windows\System32\NSI.dll
[1103/102900.765:ERROR:process_memory_win.cc(73)] ReadMemory at 0x7ff9190e0000 of 64 bytes failed: Only part of a ReadProcessMemory or WriteProcessMemory request was completed. (0x12B)
[1103/102900.765:WARNING:pe_image_reader.cc(340)] could not read dos header from C:\Windows\SYSTEM32\WINMMBASE.dll
[1103/102900.765:ERROR:process_memory_win.cc(73)] ReadMemory at 0x7ff91e660000 of 64 bytes failed: Only part of a ReadProcessMemory or WriteProcessMemory request was completed. (0x12B)
[1103/102900.765:WARNING:pe_image_reader.cc(340)] could not read dos header from C:\Windows\System32\cfgmgr32.dll
[1103/102900.765:ERROR:process_memory_win.cc(73)] ReadMemory at 0x7ff919210000 of 64 bytes failed: Only part of a ReadProcessMemory or WriteProcessMemory request was completed. (0x12B)
[1103/102900.765:WARNING:pe_image_reader.cc(340)] could not read dos header from C:\Windows\SYSTEM32\PROPSYS.dll
[1103/102900.765:ERROR:process_memory_win.cc(73)] ReadMemory at 0x7ff921430000 of 64 bytes failed: Only part of a ReadProcessMemory or WriteProcessMemory request was completed. (0x12B)
[1103/102900.766:WARNING:pe_image_reader.cc(340)] could not read dos header from C:\Windows\System32\shcore.dll
[1103/102900.766:ERROR:process_memory_win.cc(73)] ReadMemory at 0x7ff91e340000 of 64 bytes failed: Only part of a ReadProcessMemory or WriteProcessMemory request was completed. (0x12B)
[1103/102900.766:WARNING:pe_image_reader.cc(340)] could not read dos header from C:\Windows\SYSTEM32\SSPICLI.DLL
[1103/102900.766:ERROR:process_memory_win.cc(73)] ReadMemory at 0x7ff91fa50000 of 64 bytes failed: Only part of a ReadProcessMemory or WriteProcessMemory request was completed. (0x12B)
[1103/102900.766:WARNING:pe_image_reader.cc(340)] could not read dos header from C:\Windows\System32\SHELL32.dll
[1103/102900.766:ERROR:process_memory_win.cc(73)] ReadMemory at 0x7ff91e6b0000 of 64 bytes failed: Only part of a ReadProcessMemory or WriteProcessMemory request was completed. (0x12B)
[1103/102900.766:WARNING:pe_image_reader.cc(340)] could not read dos header from C:\Windows\System32\windows.storage.dll
[1103/102900.766:ERROR:process_memory_win.cc(73)] ReadMemory at 0x7ff91e4a0000 of 64 bytes failed: Only part of a ReadProcessMemory or WriteProcessMemory request was completed. (0x12B)
[1103/102900.766:WARNING:pe_image_reader.cc(340)] could not read dos header from C:\Windows\System32\powrprof.dll
[1103/102900.766:ERROR:process_memory_win.cc(73)] ReadMemory at 0x7ff91e450000 of 64 bytes failed: Only part of a ReadProcessMemory or WriteProcessMemory request was completed. (0x12B)
[1103/102900.766:WARNING:pe_image_reader.cc(340)] could not read dos header from C:\Windows\System32\UMPDC.dll
[1103/102900.766:ERROR:process_memory_win.cc(73)] ReadMemory at 0x7ff9214e0000 of 64 bytes failed: Only part of a ReadProcessMemory or WriteProcessMemory request was completed. (0x12B)
[1103/102900.766:WARNING:pe_image_reader.cc(340)] could not read dos header from C:\Windows\System32\shlwapi.dll
[1103/102900.766:ERROR:process_memory_win.cc(73)] ReadMemory at 0x202de7c0000 of 64 bytes failed: Only part of a ReadProcessMemory or WriteProcessMemory request was completed. (0x12B)
[1103/102900.766:WARNING:pe_image_reader.cc(340)] could not read dos header from C:\Windows\System32\GDI32.dll
[1103/102900.766:ERROR:process_memory_win.cc(73)] ReadMemory at 0x7ff91ee30000 of 64 bytes failed: Only part of a ReadProcessMemory or WriteProcessMemory request was completed. (0x12B)
[1103/102900.766:WARNING:pe_image_reader.cc(340)] could not read dos header from C:\Windows\System32\win32u.dll
[1103/102900.766:ERROR:process_memory_win.cc(73)] ReadMemory at 0x7ff91eee0000 of 64 bytes failed: Only part of a ReadProcessMemory or WriteProcessMemory request was completed. (0x12B)
[1103/102900.766:WARNING:pe_image_reader.cc(340)] could not read dos header from C:\Windows\System32\gdi32full.dll
[1103/102900.766:ERROR:process_memory_win.cc(73)] ReadMemory at 0x7ff9206f0000 of 64 bytes failed: Only part of a ReadProcessMemory or WriteProcessMemory request was completed. (0x12B)
[1103/102900.766:WARNING:pe_image_reader.cc(340)] could not read dos header from C:\Windows\System32\USER32.dll
[1103/102900.766:ERROR:process_memory_win.cc(73)] ReadMemory at 0x7ff91f4d0000 of 64 bytes failed: Only part of a ReadProcessMemory or WriteProcessMemory request was completed. (0x12B)
[1103/102900.766:WARNING:pe_image_reader.cc(340)] could not read dos header from C:\Windows\System32\cryptsp.dll
[1103/102900.766:ERROR:process_memory_win.cc(73)] ReadMemory at 0x7ff920210000 of 64 bytes failed: Only part of a ReadProcessMemory or WriteProcessMemory request was completed. (0x12B)
[1103/102900.766:WARNING:pe_image_reader.cc(340)] could not read dos header from C:\Windows\System32\IMM32.DLL
[1103/102900.767:ERROR:process_memory_win.cc(73)] ReadMemory at 0x7ff91dd90000 of 64 bytes failed: Only part of a ReadProcessMemory or WriteProcessMemory request was completed. (0x12B)
[1103/102900.767:WARNING:pe_image_reader.cc(340)] could not read dos header from C:\Windows\SYSTEM32\CRYPTBASE.DLL
[1103/102900.788:ERROR:process_memory_win.cc(73)] ReadMemory at 0xeb66ff4000 of 49152 bytes failed: Only part of a ReadProcessMemory or WriteProcessMemory request was completed. (0x12B)
[1103/102900.788:ERROR:process_memory_win.cc(73)] ReadMemory at 0xeb677fe000 of 8192 bytes failed: Only part of a ReadProcessMemory or WriteProcessMemory request was completed. (0x12B)
[1103/102900.788:ERROR:process_memory_win.cc(73)] ReadMemory at 0xeb67ff9000 of 28672 bytes failed: Only part of a ReadProcessMemory or WriteProcessMemory request was completed. (0x12B)
[1103/102900.788:ERROR:process_memory_win.cc(73)] ReadMemory at 0xeb687fe000 of 8192 bytes failed: Only part of a ReadProcessMemory or WriteProcessMemory request was completed. (0x12B)
[1103/102900.788:ERROR:process_memory_win.cc(73)] ReadMemory at 0xeb68ffd000 of 12288 bytes failed: Only part of a ReadProcessMemory or WriteProcessMemory request was completed. (0x12B)
[1103/102900.788:ERROR:process_memory_win.cc(73)] ReadMemory at 0xeb697fe000 of 8192 bytes failed: Only part of a ReadProcessMemory or WriteProcessMemory request was completed. (0x12B)
[1103/102900.788:ERROR:process_memory_win.cc(73)] ReadMemory at 0xeb69ffe000 of 8192 bytes failed: Only part of a ReadProcessMemory or WriteProcessMemory request was completed. (0x12B)
[1103/102900.789:ERROR:process_memory_win.cc(73)] ReadMemory at 0xeb6a7f9000 of 28672 bytes failed: Only part of a ReadProcessMemory or WriteProcessMemory request was completed. (0x12B)
[1103/102900.789:ERROR:process_memory_win.cc(73)] ReadMemory at 0xeb6affe000 of 8192 bytes failed: Only part of a ReadProcessMemory or WriteProcessMemory request was completed. (0x12B)
[1103/102900.789:ERROR:process_memory_win.cc(73)] ReadMemory at 0xeb6b7fe000 of 8192 bytes failed: Only part of a ReadProcessMemory or WriteProcessMemory request was completed. (0x12B)
[1103/102900.789:ERROR:process_memory_win.cc(73)] ReadMemory at 0xeb6bffe000 of 8192 bytes failed: Only part of a ReadProcessMemory or WriteProcessMemory request was completed. (0x12B)
[1103/102900.789:ERROR:process_memory_win.cc(73)] ReadMemory at 0xeb6c7fe000 of 8192 bytes failed: Only part of a ReadProcessMemory or WriteProcessMemory request was completed. (0x12B)
[1103/102900.789:ERROR:process_memory_win.cc(73)] ReadMemory at 0xeb6cffe000 of 8192 bytes failed: Only part of a ReadProcessMemory or WriteProcessMemory request was completed. (0x12B)
[1103/102900.790:ERROR:process_memory_win.cc(73)] ReadMemory at 0xeb6d7fe000 of 8192 bytes failed: Only part of a ReadProcessMemory or WriteProcessMemory request was completed. (0x12B)
[1103/102900.790:ERROR:process_memory_win.cc(73)] ReadMemory at 0xeb6dffe000 of 8192 bytes failed: Only part of a ReadProcessMemory or WriteProcessMemory request was completed. (0x12B)
[1103/102900.790:ERROR:process_memory_win.cc(73)] ReadMemory at 0xeb6676a000 of 852 bytes failed: Only part of a ReadProcessMemory or WriteProcessMemory request was completed. (0x12B)
[1103/102900.790:ERROR:process_memory_win.cc(73)] ReadMemory at 0xeb6676b000 of 6024 bytes failed: Only part of a ReadProcessMemory or WriteProcessMemory request was completed. (0x12B)
[1103/102900.790:ERROR:process_memory_win.cc(73)] ReadMemory at 0xeb6676d000 of 6024 bytes failed: Only part of a ReadProcessMemory or WriteProcessMemory request was completed. (0x12B)
[1103/102900.790:ERROR:process_memory_win.cc(73)] ReadMemory at 0xeb6676f000 of 6024 bytes failed: Only part of a ReadProcessMemory or WriteProcessMemory request was completed. (0x12B)
[1103/102900.791:ERROR:process_memory_win.cc(73)] ReadMemory at 0xeb66771000 of 6024 bytes failed: Only part of a ReadProcessMemory or WriteProcessMemory request was completed. (0x12B)
[1103/102900.791:ERROR:process_memory_win.cc(73)] ReadMemory at 0xeb66773000 of 6024 bytes failed: Only part of a ReadProcessMemory or WriteProcessMemory request was completed. (0x12B)
[1103/102900.791:ERROR:process_memory_win.cc(73)] ReadMemory at 0xeb66775000 of 6024 bytes failed: Only part of a ReadProcessMemory or WriteProcessMemory request was completed. (0x12B)
[1103/102900.791:ERROR:process_memory_win.cc(73)] ReadMemory at 0xeb66777000 of 6024 bytes failed: Only part of a ReadProcessMemory or WriteProcessMemory request was completed. (0x12B)
[1103/102900.791:ERROR:process_memory_win.cc(73)] ReadMemory at 0xeb66779000 of 6024 bytes failed: Only part of a ReadProcessMemory or WriteProcessMemory request was completed. (0x12B)
[1103/102900.791:ERROR:process_memory_win.cc(73)] ReadMemory at 0xeb6677b000 of 6024 bytes failed: Only part of a ReadProcessMemory or WriteProcessMemory request was completed. (0x12B)
[1103/102900.791:ERROR:process_memory_win.cc(73)] ReadMemory at 0xeb6677d000 of 6024 bytes failed: Only part of a ReadProcessMemory or WriteProcessMemory request was completed. (0x12B)
[1103/102900.792:ERROR:process_memory_win.cc(73)] ReadMemory at 0xeb6677f000 of 6024 bytes failed: Only part of a ReadProcessMemory or WriteProcessMemory request was completed. (0x12B)
[1103/102900.792:ERROR:process_memory_win.cc(73)] ReadMemory at 0xeb66781000 of 6024 bytes failed: Only part of a ReadProcessMemory or WriteProcessMemory request was completed. (0x12B)
[1103/102900.792:ERROR:process_memory_win.cc(73)] ReadMemory at 0xeb66783000 of 6024 bytes failed: Only part of a ReadProcessMemory or WriteProcessMemory request was completed. (0x12B)
[1103/102900.792:ERROR:process_memory_win.cc(73)] ReadMemory at 0xeb66785000 of 6024 bytes failed: Only part of a ReadProcessMemory or WriteProcessMemory request was completed. (0x12B)
[1103/102900.792:ERROR:process_memory_win.cc(73)] ReadMemory at 0xeb66787000 of 6024 bytes failed: Only part of a ReadProcessMemory or WriteProcessMemory request was completed. (0x12B)
[1103/102900.792:ERROR:process_memory_win.cc(73)] ReadMemory at 0x202de4e0c40 of 512 bytes failed: Only part of a ReadProcessMemory or WriteProcessMemory request was completed. (0x12B)
[1103/102900.792:ERROR:process_memory_win.cc(73)] ReadMemory at 0x202de4e1f00 of 512 bytes failed: Only part of a ReadProcessMemory or WriteProcessMemory request was completed. (0x12B)
[1103/102900.792:ERROR:process_memory_win.cc(73)] ReadMemory at 0x202de560fe0 of 5970 bytes failed: Only part of a ReadProcessMemory or WriteProcessMemory request was completed. (0x12B)
[1103/102900.792:ERROR:process_memory_win.cc(73)] ReadMemory at 0x202de562740 of 1012 bytes failed: Only part of a ReadProcessMemory or WriteProcessMemory request was completed. (0x12B)
[1103/102900.792:ERROR:process_memory_win.cc(73)] ReadMemory at 0x202de562d88 of 118 bytes failed: Only part of a ReadProcessMemory or WriteProcessMemory request was completed. (0x12B)
[1103/102900.793:ERROR:process_memory_win.cc(73)] ReadMemory at 0x202de562e00 of 1240 bytes failed: Only part of a ReadProcessMemory or WriteProcessMemory request was completed. (0x12B)
[1103/102900.793:ERROR:process_memory_win.cc(73)] ReadMemory at 0x202de5632da of 118 bytes failed: Only part of a ReadProcessMemory or WriteProcessMemory request was completed. (0x12B)
[1103/102900.793:ERROR:process_memory_win.cc(73)] ReadMemory at 0x202de563352 of 100 bytes failed: Only part of a ReadProcessMemory or WriteProcessMemory request was completed. (0x12B)
[1103/102900.793:ERROR:process_memory_win.cc(73)] ReadMemory at 0x202de5633d0 of 58 bytes failed: Only part of a ReadProcessMemory or WriteProcessMemory request was completed. (0x12B)
[1103/102900.793:ERROR:process_memory_win.cc(73)] ReadMemory at 0x202de5634d0 of 132 bytes failed: Only part of a ReadProcessMemory or WriteProcessMemory request was completed. (0x12B)
[1103/102900.793:ERROR:process_memory_win.cc(73)] ReadMemory at 0x202de563660 of 132 bytes failed: Only part of a ReadProcessMemory or WriteProcessMemory request was completed. (0x12B)
[1103/102900.793:ERROR:process_memory_win.cc(73)] ReadMemory at 0x202de563820 of 126 bytes failed: Only part of a ReadProcessMemory or WriteProcessMemory request was completed. (0x12B)
[1103/102900.793:ERROR:process_memory_win.cc(73)] ReadMemory at 0x202de563d20 of 132 bytes failed: Only part of a ReadProcessMemory or WriteProcessMemory request was completed. (0x12B)
[1103/102900.793:ERROR:process_memory_win.cc(73)] ReadMemory at 0x202de563eb0 of 64 bytes failed: Only part of a ReadProcessMemory or WriteProcessMemory request was completed. (0x12B)
[1103/102900.793:ERROR:process_memory_win.cc(73)] ReadMemory at 0x202de564010 of 132 bytes failed: Only part of a ReadProcessMemory or WriteProcessMemory request was completed. (0x12B)
[1103/102900.794:ERROR:process_memory_win.cc(73)] ReadMemory at 0x202de5641a0 of 60 bytes failed: Only part of a ReadProcessMemory or WriteProcessMemory request was completed. (0x12B)
[1103/102900.794:ERROR:process_memory_win.cc(73)] ReadMemory at 0x202de564310 of 132 bytes failed: Only part of a ReadProcessMemory or WriteProcessMemory request was completed. (0x12B)
[1103/102900.794:ERROR:process_memory_win.cc(73)] ReadMemory at 0x202de5644a0 of 68 bytes failed: Only part of a ReadProcessMemory or WriteProcessMemory request was completed. (0x12B)
[1103/102900.794:ERROR:process_memory_win.cc(73)] ReadMemory at 0x202de5657a0 of 132 bytes failed: Only part of a ReadProcessMemory or WriteProcessMemory request was completed. (0x12B)
[1103/102900.794:ERROR:process_memory_win.cc(73)] ReadMemory at 0x202de5659b0 of 132 bytes failed: Only part of a ReadProcessMemory or WriteProcessMemory request was completed. (0x12B)
[1103/102900.794:ERROR:process_memory_win.cc(73)] ReadMemory at 0x202de565ae0 of 154 bytes failed: Only part of a ReadProcessMemory or WriteProcessMemory request was completed. (0x12B)
[1103/102900.794:ERROR:process_memory_win.cc(73)] ReadMemory at 0x202de567ab0 of 62 bytes failed: Only part of a ReadProcessMemory or WriteProcessMemory request was completed. (0x12B)
[1103/102900.794:ERROR:process_memory_win.cc(73)] ReadMemory at 0x202de567ca0 of 132 bytes failed: Only part of a ReadProcessMemory or WriteProcessMemory request was completed. (0x12B)
[1103/102900.794:ERROR:process_memory_win.cc(73)] ReadMemory at 0x202de567dd0 of 60 bytes failed: Only part of a ReadProcessMemory or WriteProcessMemory request was completed. (0x12B)
[1103/102900.794:ERROR:process_memory_win.cc(73)] ReadMemory at 0x202de56cd20 of 62 bytes failed: Only part of a ReadProcessMemory or WriteProcessMemory request was completed. (0x12B)
[1103/102900.794:ERROR:process_memory_win.cc(73)] ReadMemory at 0x202de56d360 of 60 bytes failed: Only part of a ReadProcessMemory or WriteProcessMemory request was completed. (0x12B)
[1103/102900.794:ERROR:process_memory_win.cc(73)] ReadMemory at 0x202de57d8b0 of 146 bytes failed: Only part of a ReadProcessMemory or WriteProcessMemory request was completed. (0x12B)
[1103/102900.795:ERROR:process_memory_win.cc(73)] ReadMemory at 0x202de581420 of 78 bytes failed: Only part of a ReadProcessMemory or WriteProcessMemory request was completed. (0x12B)
[1103/102900.795:ERROR:process_memory_win.cc(73)] ReadMemory at 0x202de581480 of 80 bytes failed: Only part of a ReadProcessMemory or WriteProcessMemory request was completed. (0x12B)
[1103/102900.795:ERROR:process_memory_win.cc(73)] ReadMemory at 0x202de587dd0 of 132 bytes failed: Only part of a ReadProcessMemory or WriteProcessMemory request was completed. (0x12B)
[1103/102900.795:ERROR:process_memory_win.cc(73)] ReadMemory at 0x202de588070 of 132 bytes failed: Only part of a ReadProcessMemory or WriteProcessMemory request was completed. (0x12B)
[1103/102900.795:ERROR:process_memory_win.cc(73)] ReadMemory at 0x202de588560 of 132 bytes failed: Only part of a ReadProcessMemory or WriteProcessMemory request was completed. (0x12B)
[1103/102900.795:ERROR:process_memory_win.cc(73)] ReadMemory at 0x202de588880 of 132 bytes failed: Only part of a ReadProcessMemory or WriteProcessMemory request was completed. (0x12B)
[1103/102900.795:ERROR:process_memory_win.cc(73)] ReadMemory at 0x202de588aa0 of 66 bytes failed: Only part of a ReadProcessMemory or WriteProcessMemory request was completed. (0x12B)
[1103/102900.795:ERROR:process_memory_win.cc(73)] ReadMemory at 0x202de588af0 of 64 bytes failed: Only part of a ReadProcessMemory or WriteProcessMemory request was completed. (0x12B)
[1103/102900.795:ERROR:process_memory_win.cc(73)] ReadMemory at 0x202de588d20 of 62 bytes failed: Only part of a ReadProcessMemory or WriteProcessMemory request was completed. (0x12B)
[1103/102900.795:ERROR:process_memory_win.cc(73)] ReadMemory at 0x202de588eb0 of 62 bytes failed: Only part of a ReadProcessMemory or WriteProcessMemory request was completed. (0x12B)
[1103/102900.795:ERROR:process_memory_win.cc(73)] ReadMemory at 0x202de588f50 of 64 bytes failed: Only part of a ReadProcessMemory or WriteProcessMemory request was completed. (0x12B)
[1103/102900.795:ERROR:process_memory_win.cc(73)] ReadMemory at 0x202de588fa0 of 64 bytes failed: Only part of a ReadProcessMemory or WriteProcessMemory request was completed. (0x12B)
[1103/102900.795:ERROR:process_memory_win.cc(73)] ReadMemory at 0x202de588ff0 of 64 bytes failed: Only part of a ReadProcessMemory or WriteProcessMemory request was completed. (0x12B)
[1103/102900.795:ERROR:process_memory_win.cc(73)] ReadMemory at 0x202de589040 of 62 bytes failed: Only part of a ReadProcessMemory or WriteProcessMemory request was completed. (0x12B)
[1103/102900.796:ERROR:process_memory_win.cc(73)] ReadMemory at 0x202de589090 of 60 bytes failed: Only part of a ReadProcessMemory or WriteProcessMemory request was completed. (0x12B)
[1103/102900.796:ERROR:process_memory_win.cc(73)] ReadMemory at 0x202de5890e0 of 60 bytes failed: Only part of a ReadProcessMemory or WriteProcessMemory request was completed. (0x12B)
[1103/102900.796:ERROR:process_memory_win.cc(73)] ReadMemory at 0x202de589180 of 62 bytes failed: Only part of a ReadProcessMemory or WriteProcessMemory request was completed. (0x12B)
[1103/102900.796:ERROR:process_memory_win.cc(73)] ReadMemory at 0x202de5891d0 of 64 bytes failed: Only part of a ReadProcessMemory or WriteProcessMemory request was completed. (0x12B)
[1103/102900.796:ERROR:process_memory_win.cc(73)] ReadMemory at 0x202de589220 of 62 bytes failed: Only part of a ReadProcessMemory or WriteProcessMemory request was completed. (0x12B)
[1103/102900.796:ERROR:process_memory_win.cc(73)] ReadMemory at 0x202de5893b0 of 66 bytes failed: Only part of a ReadProcessMemory or WriteProcessMemory request was completed. (0x12B)
[1103/102900.796:ERROR:process_memory_win.cc(73)] ReadMemory at 0x202de589450 of 60 bytes failed: Only part of a ReadProcessMemory or WriteProcessMemory request was completed. (0x12B)
[1103/102900.796:ERROR:process_memory_win.cc(73)] ReadMemory at 0x202de5894a0 of 60 bytes failed: Only part of a ReadProcessMemory or WriteProcessMemory request was completed. (0x12B)
[1103/102900.796:ERROR:process_memory_win.cc(73)] ReadMemory at 0x202de5894f0 of 62 bytes failed: Only part of a ReadProcessMemory or WriteProcessMemory request was completed. (0x12B)
[1103/102900.796:ERROR:process_memory_win.cc(73)] ReadMemory at 0x202de589540 of 62 bytes failed: Only part of a ReadProcessMemory or WriteProcessMemory request was completed. (0x12B)
[1103/102900.797:ERROR:process_memory_win.cc(73)] ReadMemory at 0x202de5895e0 of 62 bytes failed: Only part of a ReadProcessMemory or WriteProcessMemory request was completed. (0x12B)
[1103/102900.797:ERROR:process_memory_win.cc(73)] ReadMemory at 0x202de589680 of 64 bytes failed: Only part of a ReadProcessMemory or WriteProcessMemory request was completed. (0x12B)
[1103/102900.797:ERROR:process_memory_win.cc(73)] ReadMemory at 0x202de5896d0 of 58 bytes failed: Only part of a ReadProcessMemory or WriteProcessMemory request was completed. (0x12B)
[1103/102900.797:ERROR:process_memory_win.cc(73)] ReadMemory at 0x202de589720 of 62 bytes failed: Only part of a ReadProcessMemory or WriteProcessMemory request was completed. (0x12B)
[1103/102900.797:ERROR:process_memory_win.cc(73)] ReadMemory at 0x202de5898b0 of 64 bytes failed: Only part of a ReadProcessMemory or WriteProcessMemory request was completed. (0x12B)
[1103/102900.797:ERROR:process_memory_win.cc(73)] ReadMemory at 0x202de589900 of 60 bytes failed: Only part of a ReadProcessMemory or WriteProcessMemory request was completed. (0x12B)
[1103/102900.797:ERROR:process_memory_win.cc(73)] ReadMemory at 0x202de589950 of 64 bytes failed: Only part of a ReadProcessMemory or WriteProcessMemory request was completed. (0x12B)
[1103/102900.797:ERROR:process_memory_win.cc(73)] ReadMemory at 0x202de5899c0 of 132 bytes failed: Only part of a ReadProcessMemory or WriteProcessMemory request was completed. (0x12B)
[1103/102900.797:ERROR:process_memory_win.cc(73)] ReadMemory at 0x202de589d10 of 132 bytes failed: Only part of a ReadProcessMemory or WriteProcessMemory request was completed. (0x12B)
[1103/102900.797:ERROR:process_memory_win.cc(73)] ReadMemory at 0x202de589f20 of 132 bytes failed: Only part of a ReadProcessMemory or WriteProcessMemory request was completed. (0x12B)
[1103/102900.797:ERROR:process_memory_win.cc(73)] ReadMemory at 0x202de58a240 of 132 bytes failed: Only part of a ReadProcessMemory or WriteProcessMemory request was completed. (0x12B)
[1103/102900.798:ERROR:process_memory_win.cc(73)] ReadMemory at 0x202de58a460 of 132 bytes failed: Only part of a ReadProcessMemory or WriteProcessMemory request was completed. (0x12B)
[1103/102900.798:ERROR:process_memory_win.cc(73)] ReadMemory at 0x202de58a810 of 132 bytes failed: Only part of a ReadProcessMemory or WriteProcessMemory request was completed. (0x12B)
[1103/102900.798:ERROR:process_memory_win.cc(73)] ReadMemory at 0x202de58a940 of 132 bytes failed: Only part of a ReadProcessMemory or WriteProcessMemory request was completed. (0x12B)
[1103/102900.798:ERROR:process_memory_win.cc(73)] ReadMemory at 0x202de58aa70 of 132 bytes failed: Only part of a ReadProcessMemory or WriteProcessMemory request was completed. (0x12B)
[1103/102900.798:ERROR:process_memory_win.cc(73)] ReadMemory at 0x202de58acd0 of 132 bytes failed: Only part of a ReadProcessMemory or WriteProcessMemory request was completed. (0x12B)
[1103/102900.798:ERROR:process_memory_win.cc(73)] ReadMemory at 0x202de58ae00 of 132 bytes failed: Only part of a ReadProcessMemory or WriteProcessMemory request was completed. (0x12B)
[1103/102900.798:ERROR:process_memory_win.cc(73)] ReadMemory at 0x202de58af30 of 132 bytes failed: Only part of a ReadProcessMemory or WriteProcessMemory request was completed. (0x12B)
[1103/102900.798:ERROR:process_memory_win.cc(73)] ReadMemory at 0x202de58b060 of 132 bytes failed: Only part of a ReadProcessMemory or WriteProcessMemory request was completed. (0x12B)
[1103/102900.798:ERROR:process_memory_win.cc(73)] ReadMemory at 0x202de58b190 of 132 bytes failed: Only part of a ReadProcessMemory or WriteProcessMemory request was completed. (0x12B)
[1103/102900.798:ERROR:process_memory_win.cc(73)] ReadMemory at 0x202de58b2c0 of 132 bytes failed: Only part of a ReadProcessMemory or WriteProcessMemory request was completed. (0x12B)
[1103/102900.798:ERROR:process_memory_win.cc(73)] ReadMemory at 0x202de58b3f0 of 132 bytes failed: Only part of a ReadProcessMemory or WriteProcessMemory request was completed. (0x12B)
[1103/102900.798:ERROR:process_memory_win.cc(73)] ReadMemory at 0x202de58b520 of 132 bytes failed: Only part of a ReadProcessMemory or WriteProcessMemory request was completed. (0x12B)
[1103/102900.799:ERROR:process_memory_win.cc(73)] ReadMemory at 0x202de58b650 of 132 bytes failed: Only part of a ReadProcessMemory or WriteProcessMemory request was completed. (0x12B)
[1103/102900.799:ERROR:process_memory_win.cc(73)] ReadMemory at 0x202de58c220 of 54 bytes failed: Only part of a ReadProcessMemory or WriteProcessMemory request was completed. (0x12B)
[1103/102900.799:ERROR:process_memory_win.cc(73)] ReadMemory at 0x202de593e70 of 132 bytes failed: Only part of a ReadProcessMemory or WriteProcessMemory request was completed. (0x12B)
[1103/102900.799:ERROR:process_memory_win.cc(73)] ReadMemory at 0x202de5940d0 of 132 bytes failed: Only part of a ReadProcessMemory or WriteProcessMemory request was completed. (0x12B)
[1103/102900.799:ERROR:process_memory_win.cc(73)] ReadMemory at 0x202de594200 of 132 bytes failed: Only part of a ReadProcessMemory or WriteProcessMemory request was completed. (0x12B)
[1103/102900.799:ERROR:process_memory_win.cc(73)] ReadMemory at 0x202de594330 of 132 bytes failed: Only part of a ReadProcessMemory or WriteProcessMemory request was completed. (0x12B)
[1103/102900.799:ERROR:process_memory_win.cc(73)] ReadMemory at 0x202de594460 of 132 bytes failed: Only part of a ReadProcessMemory or WriteProcessMemory request was completed. (0x12B)
[1103/102900.799:ERROR:process_memory_win.cc(73)] ReadMemory at 0x202de594590 of 132 bytes failed: Only part of a ReadProcessMemory or WriteProcessMemory request was completed. (0x12B)
[1103/102900.799:ERROR:process_memory_win.cc(73)] ReadMemory at 0x202de5946c0 of 132 bytes failed: Only part of a ReadProcessMemory or WriteProcessMemory request was completed. (0x12B)
[1103/102900.799:ERROR:process_memory_win.cc(73)] ReadMemory at 0x202de5947f0 of 132 bytes failed: Only part of a ReadProcessMemory or WriteProcessMemory request was completed. (0x12B)
[1103/102900.799:ERROR:process_memory_win.cc(73)] ReadMemory at 0x202de594920 of 132 bytes failed: Only part of a ReadProcessMemory or WriteProcessMemory request was completed. (0x12B)
[1103/102900.799:ERROR:process_memory_win.cc(73)] ReadMemory at 0x202de594a50 of 132 bytes failed: Only part of a ReadProcessMemory or WriteProcessMemory request was completed. (0x12B)
[1103/102900.800:ERROR:process_memory_win.cc(73)] ReadMemory at 0x202de594b80 of 132 bytes failed: Only part of a ReadProcessMemory or WriteProcessMemory request was completed. (0x12B)
[1103/102900.800:ERROR:process_memory_win.cc(73)] ReadMemory at 0x202de594cb0 of 132 bytes failed: Only part of a ReadProcessMemory or WriteProcessMemory request was completed. (0x12B)
[1103/102900.800:ERROR:process_memory_win.cc(73)] ReadMemory at 0x202de594de0 of 132 bytes failed: Only part of a ReadProcessMemory or WriteProcessMemory request was completed. (0x12B)
[1103/102900.800:ERROR:process_memory_win.cc(73)] ReadMemory at 0x202de594f10 of 132 bytes failed: Only part of a ReadProcessMemory or WriteProcessMemory request was completed. (0x12B)
[1103/102900.800:ERROR:process_memory_win.cc(73)] ReadMemory at 0x202de595040 of 132 bytes failed: Only part of a ReadProcessMemory or WriteProcessMemory request was completed. (0x12B)
[1103/102900.800:ERROR:process_memory_win.cc(73)] ReadMemory at 0x202de595170 of 132 bytes failed: Only part of a ReadProcessMemory or WriteProcessMemory request was completed. (0x12B)
[1103/102900.800:ERROR:process_memory_win.cc(73)] ReadMemory at 0x202de5952a0 of 132 bytes failed: Only part of a ReadProcessMemory or WriteProcessMemory request was completed. (0x12B)
[1103/102900.800:ERROR:process_memory_win.cc(73)] ReadMemory at 0x202de5953d0 of 132 bytes failed: Only part of a ReadProcessMemory or WriteProcessMemory request was completed. (0x12B)
[1103/102900.800:ERROR:process_memory_win.cc(73)] ReadMemory at 0x202de595500 of 132 bytes failed: Only part of a ReadProcessMemory or WriteProcessMemory request was completed. (0x12B)
[1103/102900.800:ERROR:process_memory_win.cc(73)] ReadMemory at 0x202de595630 of 132 bytes failed: Only part of a ReadProcessMemory or WriteProcessMemory request was completed. (0x12B)
[1103/102900.800:ERROR:process_memory_win.cc(73)] ReadMemory at 0x202de5959c0 of 132 bytes failed: Only part of a ReadProcessMemory or WriteProcessMemory request was completed. (0x12B)
[1103/102900.800:ERROR:process_memory_win.cc(73)] ReadMemory at 0x202de595af0 of 132 bytes failed: Only part of a ReadProcessMemory or WriteProcessMemory request was completed. (0x12B)
[1103/102900.801:ERROR:process_memory_win.cc(73)] ReadMemory at 0x202de597500 of 80 bytes failed: Only part of a ReadProcessMemory or WriteProcessMemory request was completed. (0x12B)
[1103/102900.801:ERROR:process_memory_win.cc(73)] ReadMemory at 0x202de597800 of 76 bytes failed: Only part of a ReadProcessMemory or WriteProcessMemory request was completed. (0x12B)
[1103/102900.801:ERROR:process_memory_win.cc(73)] ReadMemory at 0x202de5b7fb0 of 64 bytes failed: Only part of a ReadProcessMemory or WriteProcessMemory request was completed. (0x12B)
[1103/102900.801:ERROR:process_memory_win.cc(73)] ReadMemory at 0x202de5b8000 of 58 bytes failed: Only part of a ReadProcessMemory or WriteProcessMemory request was completed. (0x12B)
[1103/102900.801:ERROR:process_memory_win.cc(73)] ReadMemory at 0x202de5b8050 of 66 bytes failed: Only part of a ReadProcessMemory or WriteProcessMemory request was completed. (0x12B)
[1103/102900.801:ERROR:process_memory_win.cc(73)] ReadMemory at 0x202de5b80a0 of 60 bytes failed: Only part of a ReadProcessMemory or WriteProcessMemory request was completed. (0x12B)
[1103/102900.801:ERROR:process_memory_win.cc(73)] ReadMemory at 0x202de5b82d0 of 58 bytes failed: Only part of a ReadProcessMemory or WriteProcessMemory request was completed. (0x12B)
[1103/102900.801:ERROR:process_memory_win.cc(73)] ReadMemory at 0x202de5b83c0 of 62 bytes failed: Only part of a ReadProcessMemory or WriteProcessMemory request was completed. (0x12B)
[1103/102900.801:ERROR:process_memory_win.cc(73)] ReadMemory at 0x202de5b85a0 of 62 bytes failed: Only part of a ReadProcessMemory or WriteProcessMemory request was completed. (0x12B)
[1103/102900.801:ERROR:process_memory_win.cc(73)] ReadMemory at 0x202de5b87d0 of 60 bytes failed: Only part of a ReadProcessMemory or WriteProcessMemory request was completed. (0x12B)
[1103/102900.801:ERROR:process_memory_win.cc(73)] ReadMemory at 0x202de5b8870 of 62 bytes failed: Only part of a ReadProcessMemory or WriteProcessMemory request was completed. (0x12B)
[1103/102900.801:ERROR:process_memory_win.cc(73)] ReadMemory at 0x202de5b8910 of 58 bytes failed: Only part of a ReadProcessMemory or WriteProcessMemory request was completed. (0x12B)
[1103/102900.802:ERROR:process_memory_win.cc(73)] ReadMemory at 0x202de5c6d50 of 512 bytes failed: Only part of a ReadProcessMemory or WriteProcessMemory request was completed. (0x12B)
[1103/102900.802:ERROR:process_memory_win.cc(73)] ReadMemory at 0x202de5ecc30 of 512 bytes failed: Only part of a ReadProcessMemory or WriteProcessMemory request was completed. (0x12B)
[1103/102900.802:ERROR:process_memory_win.cc(73)] ReadMemory at 0x202de5f0d90 of 512 bytes failed: Only part of a ReadProcessMemory or WriteProcessMemory request was completed. (0x12B)
[1103/102900.802:ERROR:process_memory_win.cc(73)] ReadMemory at 0x202de5f1090 of 512 bytes failed: Only part of a ReadProcessMemory or WriteProcessMemory request was completed. (0x12B)
[1103/102900.802:ERROR:process_memory_win.cc(73)] ReadMemory at 0x202de5f1990 of 512 bytes failed: Only part of a ReadProcessMemory or WriteProcessMemory request was completed. (0x12B)
[1103/102900.802:ERROR:process_memory_win.cc(73)] ReadMemory at 0x202de5faa10 of 512 bytes failed: Only part of a ReadProcessMemory or WriteProcessMemory request was completed. (0x12B)
[1103/102900.802:ERROR:process_memory_win.cc(73)] ReadMemory at 0x202de5fcbd0 of 512 bytes failed: Only part of a ReadProcessMemory or WriteProcessMemory request was completed. (0x12B)
[1103/102900.802:ERROR:process_memory_win.cc(73)] ReadMemory at 0x202de5fd420 of 712 bytes failed: Only part of a ReadProcessMemory or WriteProcessMemory request was completed. (0x12B)
[1103/102900.802:ERROR:process_memory_win.cc(73)] ReadMemory at 0x202de6161f2 of 512 bytes failed: Only part of a ReadProcessMemory or WriteProcessMemory request was completed. (0x12B)
[1103/102900.802:ERROR:process_memory_win.cc(73)] ReadMemory at 0x202de616476 of 544 bytes failed: Only part of a ReadProcessMemory or WriteProcessMemory request was completed. (0x12B)
[1103/102900.802:ERROR:process_memory_win.cc(73)] ReadMemory at 0x202de635880 of 512 bytes failed: Only part of a ReadProcessMemory or WriteProcessMemory request was completed. (0x12B)
[1103/102900.802:ERROR:process_memory_win.cc(73)] ReadMemory at 0x202de642178 of 512 bytes failed: Only part of a ReadProcessMemory or WriteProcessMemory request was completed. (0x12B)
[1103/102900.803:ERROR:process_memory_win.cc(73)] ReadMemory at 0x202de6427a8 of 512 bytes failed: Only part of a ReadProcessMemory or WriteProcessMemory request was completed. (0x12B)
[1103/102900.803:ERROR:process_memory_win.cc(73)] ReadMemory at 0x202de642b98 of 512 bytes failed: Only part of a ReadProcessMemory or WriteProcessMemory request was completed. (0x12B)
[1103/102900.803:ERROR:process_memory_win.cc(73)] ReadMemory at 0x202de651630 of 512 bytes failed: Only part of a ReadProcessMemory or WriteProcessMemory request was completed. (0x12B)
[1103/102900.803:ERROR:process_memory_win.cc(73)] ReadMemory at 0x202e0130000 of 384 bytes failed: Only part of a ReadProcessMemory or WriteProcessMemory request was completed. (0x12B)
[1103/102900.803:ERROR:process_memory_win.cc(73)] ReadMemory at 0x202e014ea70 of 512 bytes failed: Only part of a ReadProcessMemory or WriteProcessMemory request was completed. (0x12B)
[1103/102900.803:ERROR:process_memory_win.cc(73)] ReadMemory at 0x202e01ccc90 of 512 bytes failed: Only part of a ReadProcessMemory or WriteProcessMemory request was completed. (0x12B)
[1103/102900.803:ERROR:process_memory_win.cc(73)] ReadMemory at 0x202e01da0a0 of 512 bytes failed: Only part of a ReadProcessMemory or WriteProcessMemory request was completed. (0x12B)
[1103/102900.803:ERROR:process_memory_win.cc(73)] ReadMemory at 0x202e01daaa0 of 512 bytes failed: Only part of a ReadProcessMemory or WriteProcessMemory request was completed. (0x12B)
[1103/102900.803:ERROR:process_memory_win.cc(73)] ReadMemory at 0x202e0545a00 of 512 bytes failed: Only part of a ReadProcessMemory or WriteProcessMemory request was completed. (0x12B)
[1103/102900.803:ERROR:process_memory_win.cc(73)] ReadMemory at 0x48aa83ab0a68 of 512 bytes failed: Only part of a ReadProcessMemory or WriteProcessMemory request was completed. (0x12B)
[1103/102900.803:ERROR:process_memory_win.cc(73)] ReadMemory at 0x7ff8cfba5323 of 512 bytes failed: Only part of a ReadProcessMemory or WriteProcessMemory request was completed. (0x12B)
[1103/102900.803:ERROR:process_memory_win.cc(73)] ReadMemory at 0x7ff8d4664b28 of 512 bytes failed: Only part of a ReadProcessMemory or WriteProcessMemory request was completed. (0x12B)
[1103/102900.804:ERROR:process_memory_win.cc(73)] ReadMemory at 0x7ff8d46dc558 of 512 bytes failed: Only part of a ReadProcessMemory or WriteProcessMemory request was completed. (0x12B)
[1103/102900.804:ERROR:process_memory_win.cc(73)] ReadMemory at 0x7ff91f2eb6d0 of 512 bytes failed: Only part of a ReadProcessMemory or WriteProcessMemory request was completed. (0x12B)
[1103/102900.804:ERROR:process_memory_win.cc(73)] ReadMemory at 0x7ff91f651f80 of 512 bytes failed: Only part of a ReadProcessMemory or WriteProcessMemory request was completed. (0x12B)
[1103/102900.804:ERROR:process_memory_win.cc(73)] ReadMemory at 0x7ff92161c0c4 of 672 bytes failed: Only part of a ReadProcessMemory or WriteProcessMemory request was completed. (0x12B)
[1103/102900.804:ERROR:process_memory_win.cc(73)] ReadMemory at 0x7ff92161c6c4 of 512 bytes failed: Only part of a ReadProcessMemory or WriteProcessMemory request was completed. (0x12B)
[1103/102900.804:ERROR:process_memory_win.cc(73)] ReadMemory at 0x7ff92161f974 of 608 bytes failed: Only part of a ReadProcessMemory or WriteProcessMemory request was completed. (0x12B)
[1103/102900.804:ERROR:process_memory_win.cc(73)] ReadMemory at 0x7ff9216ac428 of 18 bytes failed: Only part of a ReadProcessMemory or WriteProcessMemory request was completed. (0x12B)
[1103/102900.804:ERROR:process_memory_win.cc(73)] ReadMemory at 0x7ff9216df4f8 of 40 bytes failed: Only part of a ReadProcessMemory or WriteProcessMemory request was completed. (0x12B)
[1103/102900.804:ERROR:process_memory_win.cc(73)] ReadMemory at 0x7ff9216df978 of 48 bytes failed: Only part of a ReadProcessMemory or WriteProcessMemory request was completed. (0x12B)
[1103/102900.804:ERROR:process_memory_win.cc(73)] ReadMemory at 0x7ff9216e53c0 of 64 bytes failed: Only part of a ReadProcessMemory or WriteProcessMemory request was completed. (0x12B)
[1103/102900.808:ERROR:file_io_win.cc(162)] CreateFile C:\Users\GNANA~1.SEK\AppData\Local\Temp\scoped_dir18780_2127587356\Crashpad\settings.dat: The system cannot find the file specified. (0x2)
[1103/102900.807:ERROR:scoped_process_suspend.cc(40)] NtResumeProcess: An attempt was made to access an exiting process. (0xc000010a)
[1103/103556.761:ERROR:directory_reader_win.cc(43)] FindFirstFile: The system cannot find the path specified. (0x3)
[1103/112705.323:ERROR:directory_reader_win.cc(43)] FindFirstFile: The system cannot find the path specified. (0x3)
[1103/195338.720:ERROR:directory_reader_win.cc(43)] FindFirstFile: The system cannot find the path specified. (0x3)
[1107/170016.233:ERROR:directory_reader_win.cc(43)] FindFirstFile: The system cannot find the path specified. (0x3)
[1107/175441.819:ERROR:directory_reader_win.cc(43)] FindFirstFile: The system cannot find the path specified. (0x3)
[1107/175530.007:ERROR:directory_reader_win.cc(43)] FindFirstFile: The system cannot find the path specified. (0x3)
[1107/181033.927:ERROR:directory_reader_win.cc(43)] FindFirstFile: The system cannot find the path specified. (0x3)
[1107/184950.932:ERROR:directory_reader_win.cc(43)] FindFirstFile: The system cannot find the path specified. (0x3)
[1107/200845.759:ERROR:directory_reader_win.cc(43)] FindFirstFile: The system cannot find the path specified. (0x3)
[1111/163619.664:ERROR:directory_reader_win.cc(43)] FindFirstFile: The system cannot find the path specified. (0x3)
[1111/184853.369:ERROR:directory_reader_win.cc(43)] FindFirstFile: The system cannot find the path specified. (0x3)
[1113/092728.188:ERROR:directory_reader_win.cc(43)] FindFirstFile: The system cannot find the path specified. (0x3)
[1113/110252.457:ERROR:directory_reader_win.cc(43)] FindFirstFile: The system cannot find the path specified. (0x3)
[1113/110506.797:ERROR:directory_reader_win.cc(43)] FindFirstFile: The system cannot find the path specified. (0x3)
[1113/113515.603:ERROR:directory_reader_win.cc(43)] FindFirstFile: The system cannot find the path specified. (0x3)
[1113/113556.027:ERROR:directory_reader_win.cc(43)] FindFirstFile: The system cannot find the path specified. (0x3)
[1117/163555.143:ERROR:directory_reader_win.cc(43)] FindFirstFile: The system cannot find the path specified. (0x3)
[1119/191725.530:ERROR:directory_reader_win.cc(43)] FindFirstFile: The system cannot find the path specified. (0x3)
[1119/193039.960:ERROR:directory_reader_win.cc(43)] FindFirstFile: The system cannot find the path specified. (0x3)
[1119/201542.585:ERROR:directory_reader_win.cc(43)] FindFirstFile: The system cannot find the path specified. (0x3)
[1119/202122.430:ERROR:directory_reader_win.cc(43)] FindFirstFile: The system cannot find the path specified. (0x3)
[1119/203517.710:ERROR:directory_reader_win.cc(43)] FindFirstFile: The system cannot find the path specified. (0x3)
[1119/212349.520:ERROR:directory_reader_win.cc(43)] FindFirstFile: The system cannot find the path specified. (0x3)
[1119/214434.163:ERROR:directory_reader_win.cc(43)] FindFirstFile: The system cannot find the path specified. (0x3)
[1119/214636.147:ERROR:directory_reader_win.cc(43)] FindFirstFile: The system cannot find the path specified. (0x3)
